     1 00000000                                 [FORMAT "WCOFF"]
     2 00000000                                 [INSTRSET "i486p"]
     3 00000000                                 [OPTIMIZE 1]
     4 00000000                                 [OPTION 1]
     5 00000000                                 [BITS 32]
     6 00000000                                 	EXTERN	_table_rgb.0
     7 00000000                                 	EXTERN	_io_load_eflags
     8 00000000                                 	EXTERN	_io_cli
     9 00000000                                 	EXTERN	_io_out8
    10 00000000                                 	EXTERN	_io_store_eflags
    11 00000000                                 	EXTERN	_hankaku
    12 00000000                                 [FILE "graphic.c"]
    13                                          [SECTION .data]
    14 00000000                                 _table_rgb.0:
    15 00000000 00                              	DB	0
    16 00000001 00                              	DB	0
    17 00000002 00                              	DB	0
    18 00000003 FF                              	DB	-1
    19 00000004 00                              	DB	0
    20 00000005 00                              	DB	0
    21 00000006 00                              	DB	0
    22 00000007 FF                              	DB	-1
    23 00000008 00                              	DB	0
    24 00000009 FF                              	DB	-1
    25 0000000A FF                              	DB	-1
    26 0000000B 00                              	DB	0
    27 0000000C 00                              	DB	0
    28 0000000D 00                              	DB	0
    29 0000000E FF                              	DB	-1
    30 0000000F FF                              	DB	-1
    31 00000010 00                              	DB	0
    32 00000011 FF                              	DB	-1
    33 00000012 00                              	DB	0
    34 00000013 FF                              	DB	-1
    35 00000014 FF                              	DB	-1
    36 00000015 FF                              	DB	-1
    37 00000016 FF                              	DB	-1
    38 00000017 FF                              	DB	-1
    39 00000018 C6                              	DB	-58
    40 00000019 C6                              	DB	-58
    41 0000001A C6                              	DB	-58
    42 0000001B 84                              	DB	-124
    43 0000001C 00                              	DB	0
    44 0000001D 00                              	DB	0
    45 0000001E 00                              	DB	0
    46 0000001F 84                              	DB	-124
    47 00000020 00                              	DB	0
    48 00000021 84                              	DB	-124
    49 00000022 84                              	DB	-124
    50 00000023 00                              	DB	0
    51 00000024 00                              	DB	0
    52 00000025 00                              	DB	0
    53 00000026 84                              	DB	-124
    54 00000027 84                              	DB	-124
    55 00000028 00                              	DB	0
    56 00000029 84                              	DB	-124
    57 0000002A 00                              	DB	0
    58 0000002B 84                              	DB	-124
    59 0000002C 84                              	DB	-124
    60 0000002D 84                              	DB	-124
    61 0000002E 84                              	DB	-124
    62 0000002F 84                              	DB	-124
    63                                          [SECTION .text]
    64 00000000                                 	GLOBAL	_init_palette
    65 00000000                                 _init_palette:
    66 00000000 55                              	PUSH	EBP
    67 00000001 89 E5                           	MOV	EBP,ESP
    68 00000003 57                              	PUSH	EDI
    69 00000004 56                              	PUSH	ESI
    70 00000005 53                              	PUSH	EBX
    71 00000006 81 EC 000002A4                  	SUB	ESP,676
    72 0000000C 68 [00000000]                   	PUSH	_table_rgb.0
    73 00000011 6A 0F                           	PUSH	15
    74 00000013 6A 00                           	PUSH	0
    75 00000015 E8 000000B4                     	CALL	_set_palette
    76 0000001A 83 C4 0C                        	ADD	ESP,12
    77 0000001D C7 85 FFFFFD60 00000000         	MOV	DWORD [-672+EBP],0
    78 00000027 C7 85 FFFFFD5C 00000000         	MOV	DWORD [-676+EBP],0
    79 00000031 C7 85 FFFFFD58 00000000         	MOV	DWORD [-680+EBP],0
    80 0000003B                                 L16:
    81 0000003B 31 FF                           	XOR	EDI,EDI
    82 0000003D 31 F6                           	XOR	ESI,ESI
    83 0000003F 31 DB                           	XOR	EBX,EBX
    84 00000041                                 L15:
    85 00000041 31 D2                           	XOR	EDX,EDX
    86 00000043 C7 85 FFFFFD50 00000000         	MOV	DWORD [-688+EBP],0
    87 0000004D                                 L14:
    88 0000004D 8B 85 FFFFFD58                  	MOV	EAX,DWORD [-680+EBP]
    89 00000053 8A 8D FFFFFD50                  	MOV	CL,BYTE [-688+EBP]
    90 00000059 01 D8                           	ADD	EAX,EBX
    91 0000005B 01 D0                           	ADD	EAX,EDX
    92 0000005D 42                              	INC	EDX
    93 0000005E 6B C0 03                        	IMUL	EAX,EAX,3
    94 00000061 88 8C 05 FFFFFD64               	MOV	BYTE [-668+EBP+EAX*1],CL
    95 00000068 89 F1                           	MOV	ECX,ESI
    96 0000006A 88 8C 05 FFFFFD65               	MOV	BYTE [-667+EBP+EAX*1],CL
    97 00000071 8A 8D FFFFFD5C                  	MOV	CL,BYTE [-676+EBP]
    98 00000077 88 8C 05 FFFFFD66               	MOV	BYTE [-666+EBP+EAX*1],CL
    99 0000007E 83 85 FFFFFD50 33               	ADD	DWORD [-688+EBP],51
   100 00000085 83 FA 05                        	CMP	EDX,5
   101 00000088 7E C3                           	JLE	L14
   102 0000008A 47                              	INC	EDI
   103 0000008B 83 C6 33                        	ADD	ESI,51
   104 0000008E 83 C3 06                        	ADD	EBX,6
   105 00000091 83 FF 05                        	CMP	EDI,5
   106 00000094 7E AB                           	JLE	L15
   107 00000096 FF 85 FFFFFD60                  	INC	DWORD [-672+EBP]
   108 0000009C 83 85 FFFFFD5C 33               	ADD	DWORD [-676+EBP],51
   109 000000A3 83 85 FFFFFD58 24               	ADD	DWORD [-680+EBP],36
   110 000000AA 83 BD FFFFFD60 05               	CMP	DWORD [-672+EBP],5
   111 000000B1 7E 88                           	JLE	L16
   112 000000B3 8D 85 FFFFFD64                  	LEA	EAX,DWORD [-668+EBP]
   113 000000B9 50                              	PUSH	EAX
   114 000000BA 68 000000E7                     	PUSH	231
   115 000000BF 6A 10                           	PUSH	16
   116 000000C1 E8 00000008                     	CALL	_set_palette
   117 000000C6 8D 65 F4                        	LEA	ESP,DWORD [-12+EBP]
   118 000000C9 5B                              	POP	EBX
   119 000000CA 5E                              	POP	ESI
   120 000000CB 5F                              	POP	EDI
   121 000000CC 5D                              	POP	EBP
   122 000000CD C3                              	RET
   123 000000CE                                 	GLOBAL	_set_palette
   124 000000CE                                 _set_palette:
   125 000000CE 55                              	PUSH	EBP
   126 000000CF 89 E5                           	MOV	EBP,ESP
   127 000000D1 57                              	PUSH	EDI
   128 000000D2 56                              	PUSH	ESI
   129 000000D3 53                              	PUSH	EBX
   130 000000D4 51                              	PUSH	ECX
   131 000000D5 8B 5D 08                        	MOV	EBX,DWORD [8+EBP]
   132 000000D8 8B 7D 0C                        	MOV	EDI,DWORD [12+EBP]
   133 000000DB 8B 75 10                        	MOV	ESI,DWORD [16+EBP]
   134 000000DE E8 [00000000]                   	CALL	_io_load_eflags
   135 000000E3 89 45 F0                        	MOV	DWORD [-16+EBP],EAX
   136 000000E6 E8 [00000000]                   	CALL	_io_cli
   137 000000EB 53                              	PUSH	EBX
   138 000000EC 68 000003C8                     	PUSH	968
   139 000000F1 E8 [00000000]                   	CALL	_io_out8
   140 000000F6 39 FB                           	CMP	EBX,EDI
   141 000000F8 58                              	POP	EAX
   142 000000F9 5A                              	POP	EDX
   143 000000FA 7E 12                           	JLE	L28
   144 000000FC                                 L30:
   145 000000FC 8B 45 F0                        	MOV	EAX,DWORD [-16+EBP]
   146 000000FF 89 45 08                        	MOV	DWORD [8+EBP],EAX
   147 00000102 8D 65 F4                        	LEA	ESP,DWORD [-12+EBP]
   148 00000105 5B                              	POP	EBX
   149 00000106 5E                              	POP	ESI
   150 00000107 5F                              	POP	EDI
   151 00000108 5D                              	POP	EBP
   152 00000109 E9 [00000000]                   	JMP	_io_store_eflags
   153 0000010E                                 L28:
   154 0000010E 8A 06                           	MOV	AL,BYTE [ESI]
   155 00000110 43                              	INC	EBX
   156 00000111 C0 E8 02                        	SHR	AL,2
   157 00000114 0F B6 C0                        	MOVZX	EAX,AL
   158 00000117 50                              	PUSH	EAX
   159 00000118 68 000003C9                     	PUSH	969
   160 0000011D E8 [00000000]                   	CALL	_io_out8
   161 00000122 8A 46 01                        	MOV	AL,BYTE [1+ESI]
   162 00000125 C0 E8 02                        	SHR	AL,2
   163 00000128 0F B6 C0                        	MOVZX	EAX,AL
   164 0000012B 50                              	PUSH	EAX
   165 0000012C 68 000003C9                     	PUSH	969
   166 00000131 E8 [00000000]                   	CALL	_io_out8
   167 00000136 8A 46 02                        	MOV	AL,BYTE [2+ESI]
   168 00000139 C0 E8 02                        	SHR	AL,2
   169 0000013C 83 C6 03                        	ADD	ESI,3
   170 0000013F 0F B6 C0                        	MOVZX	EAX,AL
   171 00000142 50                              	PUSH	EAX
   172 00000143 68 000003C9                     	PUSH	969
   173 00000148 E8 [00000000]                   	CALL	_io_out8
   174 0000014D 83 C4 18                        	ADD	ESP,24
   175 00000150 39 FB                           	CMP	EBX,EDI
   176 00000152 7E BA                           	JLE	L28
   177 00000154 EB A6                           	JMP	L30
   178 00000156                                 	GLOBAL	_boxfill8
   179 00000156                                 _boxfill8:
   180 00000156 55                              	PUSH	EBP
   181 00000157 89 E5                           	MOV	EBP,ESP
   182 00000159 57                              	PUSH	EDI
   183 0000015A 56                              	PUSH	ESI
   184 0000015B 53                              	PUSH	EBX
   185 0000015C 57                              	PUSH	EDI
   186 0000015D 57                              	PUSH	EDI
   187 0000015E 8A 45 10                        	MOV	AL,BYTE [16+EBP]
   188 00000161 8B 4D 18                        	MOV	ECX,DWORD [24+EBP]
   189 00000164 8B 7D 1C                        	MOV	EDI,DWORD [28+EBP]
   190 00000167 88 45 F3                        	MOV	BYTE [-13+EBP],AL
   191 0000016A 3B 4D 20                        	CMP	ECX,DWORD [32+EBP]
   192 0000016D 7F 31                           	JG	L43
   193 0000016F 8B 5D 0C                        	MOV	EBX,DWORD [12+EBP]
   194 00000172 0F AF D9                        	IMUL	EBX,ECX
   195 00000175                                 L41:
   196 00000175 8B 55 14                        	MOV	EDX,DWORD [20+EBP]
   197 00000178 39 FA                           	CMP	EDX,EDI
   198 0000017A 7F 1B                           	JG	L45
   199 0000017C 8B 75 08                        	MOV	ESI,DWORD [8+EBP]
   200 0000017F 01 DE                           	ADD	ESI,EBX
   201 00000181 01 D6                           	ADD	ESI,EDX
   202 00000183 89 75 EC                        	MOV	DWORD [-20+EBP],ESI
   203 00000186                                 L40:
   204 00000186 8B 75 EC                        	MOV	ESI,DWORD [-20+EBP]
   205 00000189 8A 45 F3                        	MOV	AL,BYTE [-13+EBP]
   206 0000018C 42                              	INC	EDX
   207 0000018D 88 06                           	MOV	BYTE [ESI],AL
   208 0000018F 46                              	INC	ESI
   209 00000190 89 75 EC                        	MOV	DWORD [-20+EBP],ESI
   210 00000193 39 FA                           	CMP	EDX,EDI
   211 00000195 7E EF                           	JLE	L40
   212 00000197                                 L45:
   213 00000197 41                              	INC	ECX
   214 00000198 03 5D 0C                        	ADD	EBX,DWORD [12+EBP]
   215 0000019B 3B 4D 20                        	CMP	ECX,DWORD [32+EBP]
   216 0000019E 7E D5                           	JLE	L41
   217 000001A0                                 L43:
   218 000001A0 5B                              	POP	EBX
   219 000001A1 5E                              	POP	ESI
   220 000001A2 5B                              	POP	EBX
   221 000001A3 5E                              	POP	ESI
   222 000001A4 5F                              	POP	EDI
   223 000001A5 5D                              	POP	EBP
   224 000001A6 C3                              	RET
   225 000001A7                                 	GLOBAL	_init_screen8
   226 000001A7                                 _init_screen8:
   227 000001A7 55                              	PUSH	EBP
   228 000001A8 89 E5                           	MOV	EBP,ESP
   229 000001AA 57                              	PUSH	EDI
   230 000001AB 56                              	PUSH	ESI
   231 000001AC 53                              	PUSH	EBX
   232 000001AD 83 EC 0C                        	SUB	ESP,12
   233 000001B0 8B 45 10                        	MOV	EAX,DWORD [16+EBP]
   234 000001B3 8B 7D 0C                        	MOV	EDI,DWORD [12+EBP]
   235 000001B6 83 E8 1D                        	SUB	EAX,29
   236 000001B9 4F                              	DEC	EDI
   237 000001BA 50                              	PUSH	EAX
   238 000001BB 57                              	PUSH	EDI
   239 000001BC 6A 00                           	PUSH	0
   240 000001BE 6A 00                           	PUSH	0
   241 000001C0 68 000000BB                     	PUSH	187
   242 000001C5 FF 75 0C                        	PUSH	DWORD [12+EBP]
   243 000001C8 FF 75 08                        	PUSH	DWORD [8+EBP]
   244 000001CB E8 FFFFFF86                     	CALL	_boxfill8
   245 000001D0 8B 45 10                        	MOV	EAX,DWORD [16+EBP]
   246 000001D3 83 E8 1C                        	SUB	EAX,28
   247 000001D6 50                              	PUSH	EAX
   248 000001D7 57                              	PUSH	EDI
   249 000001D8 50                              	PUSH	EAX
   250 000001D9 6A 00                           	PUSH	0
   251 000001DB 6A 08                           	PUSH	8
   252 000001DD FF 75 0C                        	PUSH	DWORD [12+EBP]
   253 000001E0 FF 75 08                        	PUSH	DWORD [8+EBP]
   254 000001E3 E8 FFFFFF6E                     	CALL	_boxfill8
   255 000001E8 8B 45 10                        	MOV	EAX,DWORD [16+EBP]
   256 000001EB 83 C4 38                        	ADD	ESP,56
   257 000001EE 83 E8 1B                        	SUB	EAX,27
   258 000001F1 50                              	PUSH	EAX
   259 000001F2 57                              	PUSH	EDI
   260 000001F3 50                              	PUSH	EAX
   261 000001F4 6A 00                           	PUSH	0
   262 000001F6 6A 07                           	PUSH	7
   263 000001F8 FF 75 0C                        	PUSH	DWORD [12+EBP]
   264 000001FB FF 75 08                        	PUSH	DWORD [8+EBP]
   265 000001FE E8 FFFFFF53                     	CALL	_boxfill8
   266 00000203 8B 45 10                        	MOV	EAX,DWORD [16+EBP]
   267 00000206 48                              	DEC	EAX
   268 00000207 50                              	PUSH	EAX
   269 00000208 8B 45 10                        	MOV	EAX,DWORD [16+EBP]
   270 0000020B 57                              	PUSH	EDI
   271 0000020C 83 E8 1A                        	SUB	EAX,26
   272 0000020F 50                              	PUSH	EAX
   273 00000210 6A 00                           	PUSH	0
   274 00000212 6A 08                           	PUSH	8
   275 00000214 FF 75 0C                        	PUSH	DWORD [12+EBP]
   276 00000217 FF 75 08                        	PUSH	DWORD [8+EBP]
   277 0000021A E8 FFFFFF37                     	CALL	_boxfill8
   278 0000021F 8B 75 10                        	MOV	ESI,DWORD [16+EBP]
   279 00000222 83 C4 38                        	ADD	ESP,56
   280 00000225 83 EE 18                        	SUB	ESI,24
   281 00000228 56                              	PUSH	ESI
   282 00000229 6A 3B                           	PUSH	59
   283 0000022B 56                              	PUSH	ESI
   284 0000022C 6A 03                           	PUSH	3
   285 0000022E 6A 07                           	PUSH	7
   286 00000230 FF 75 0C                        	PUSH	DWORD [12+EBP]
   287 00000233 FF 75 08                        	PUSH	DWORD [8+EBP]
   288 00000236 E8 FFFFFF1B                     	CALL	_boxfill8
   289 0000023B 8B 45 10                        	MOV	EAX,DWORD [16+EBP]
   290 0000023E 83 E8 04                        	SUB	EAX,4
   291 00000241 50                              	PUSH	EAX
   292 00000242 89 45 F0                        	MOV	DWORD [-16+EBP],EAX
   293 00000245 6A 02                           	PUSH	2
   294 00000247 56                              	PUSH	ESI
   295 00000248 6A 02                           	PUSH	2
   296 0000024A 6A 07                           	PUSH	7
   297 0000024C FF 75 0C                        	PUSH	DWORD [12+EBP]
   298 0000024F FF 75 08                        	PUSH	DWORD [8+EBP]
   299 00000252 E8 FFFFFEFF                     	CALL	_boxfill8
   300 00000257 83 C4 38                        	ADD	ESP,56
   301 0000025A FF 75 F0                        	PUSH	DWORD [-16+EBP]
   302 0000025D 6A 3B                           	PUSH	59
   303 0000025F FF 75 F0                        	PUSH	DWORD [-16+EBP]
   304 00000262 6A 03                           	PUSH	3
   305 00000264 6A 0F                           	PUSH	15
   306 00000266 FF 75 0C                        	PUSH	DWORD [12+EBP]
   307 00000269 FF 75 08                        	PUSH	DWORD [8+EBP]
   308 0000026C E8 FFFFFEE5                     	CALL	_boxfill8
   309 00000271 8B 45 10                        	MOV	EAX,DWORD [16+EBP]
   310 00000274 83 E8 05                        	SUB	EAX,5
   311 00000277 50                              	PUSH	EAX
   312 00000278 8B 45 10                        	MOV	EAX,DWORD [16+EBP]
   313 0000027B 6A 3B                           	PUSH	59
   314 0000027D 83 E8 17                        	SUB	EAX,23
   315 00000280 50                              	PUSH	EAX
   316 00000281 89 45 EC                        	MOV	DWORD [-20+EBP],EAX
   317 00000284 6A 3B                           	PUSH	59
   318 00000286 6A 0F                           	PUSH	15
   319 00000288 FF 75 0C                        	PUSH	DWORD [12+EBP]
   320 0000028B FF 75 08                        	PUSH	DWORD [8+EBP]
   321 0000028E E8 FFFFFEC3                     	CALL	_boxfill8
   322 00000293 8B 45 10                        	MOV	EAX,DWORD [16+EBP]
   323 00000296 83 C4 38                        	ADD	ESP,56
   324 00000299 83 E8 03                        	SUB	EAX,3
   325 0000029C 89 45 E8                        	MOV	DWORD [-24+EBP],EAX
   326 0000029F 50                              	PUSH	EAX
   327 000002A0 6A 3B                           	PUSH	59
   328 000002A2 50                              	PUSH	EAX
   329 000002A3 6A 02                           	PUSH	2
   330 000002A5 6A 00                           	PUSH	0
   331 000002A7 FF 75 0C                        	PUSH	DWORD [12+EBP]
   332 000002AA FF 75 08                        	PUSH	DWORD [8+EBP]
   333 000002AD E8 FFFFFEA4                     	CALL	_boxfill8
   334 000002B2 FF 75 E8                        	PUSH	DWORD [-24+EBP]
   335 000002B5 6A 3C                           	PUSH	60
   336 000002B7 56                              	PUSH	ESI
   337 000002B8 6A 3C                           	PUSH	60
   338 000002BA 6A 00                           	PUSH	0
   339 000002BC FF 75 0C                        	PUSH	DWORD [12+EBP]
   340 000002BF FF 75 08                        	PUSH	DWORD [8+EBP]
   341 000002C2 E8 FFFFFE8F                     	CALL	_boxfill8
   342 000002C7 8B 7D 0C                        	MOV	EDI,DWORD [12+EBP]
   343 000002CA 83 C4 38                        	ADD	ESP,56
   344 000002CD 8B 5D 0C                        	MOV	EBX,DWORD [12+EBP]
   345 000002D0 83 EB 04                        	SUB	EBX,4
   346 000002D3 83 EF 2F                        	SUB	EDI,47
   347 000002D6 56                              	PUSH	ESI
   348 000002D7 53                              	PUSH	EBX
   349 000002D8 56                              	PUSH	ESI
   350 000002D9 57                              	PUSH	EDI
   351 000002DA 6A 0F                           	PUSH	15
   352 000002DC FF 75 0C                        	PUSH	DWORD [12+EBP]
   353 000002DF FF 75 08                        	PUSH	DWORD [8+EBP]
   354 000002E2 E8 FFFFFE6F                     	CALL	_boxfill8
   355 000002E7 FF 75 F0                        	PUSH	DWORD [-16+EBP]
   356 000002EA 57                              	PUSH	EDI
   357 000002EB FF 75 EC                        	PUSH	DWORD [-20+EBP]
   358 000002EE 57                              	PUSH	EDI
   359 000002EF 6A 0F                           	PUSH	15
   360 000002F1 FF 75 0C                        	PUSH	DWORD [12+EBP]
   361 000002F4 FF 75 08                        	PUSH	DWORD [8+EBP]
   362 000002F7 E8 FFFFFE5A                     	CALL	_boxfill8
   363 000002FC 83 C4 38                        	ADD	ESP,56
   364 000002FF FF 75 E8                        	PUSH	DWORD [-24+EBP]
   365 00000302 53                              	PUSH	EBX
   366 00000303 FF 75 E8                        	PUSH	DWORD [-24+EBP]
   367 00000306 57                              	PUSH	EDI
   368 00000307 6A 07                           	PUSH	7
   369 00000309 FF 75 0C                        	PUSH	DWORD [12+EBP]
   370 0000030C FF 75 08                        	PUSH	DWORD [8+EBP]
   371 0000030F E8 FFFFFE42                     	CALL	_boxfill8
   372 00000314 8B 45 0C                        	MOV	EAX,DWORD [12+EBP]
   373 00000317 FF 75 E8                        	PUSH	DWORD [-24+EBP]
   374 0000031A 83 E8 03                        	SUB	EAX,3
   375 0000031D 50                              	PUSH	EAX
   376 0000031E 56                              	PUSH	ESI
   377 0000031F 50                              	PUSH	EAX
   378 00000320 6A 07                           	PUSH	7
   379 00000322 FF 75 0C                        	PUSH	DWORD [12+EBP]
   380 00000325 FF 75 08                        	PUSH	DWORD [8+EBP]
   381 00000328 E8 FFFFFE29                     	CALL	_boxfill8
   382 0000032D 8D 65 F4                        	LEA	ESP,DWORD [-12+EBP]
   383 00000330 5B                              	POP	EBX
   384 00000331 5E                              	POP	ESI
   385 00000332 5F                              	POP	EDI
   386 00000333 5D                              	POP	EBP
   387 00000334 C3                              	RET
   388 00000335                                 	GLOBAL	_putfont8
   389 00000335                                 _putfont8:
   390 00000335 55                              	PUSH	EBP
   391 00000336 89 E5                           	MOV	EBP,ESP
   392 00000338 57                              	PUSH	EDI
   393 00000339 56                              	PUSH	ESI
   394 0000033A 31 F6                           	XOR	ESI,ESI
   395 0000033C 53                              	PUSH	EBX
   396 0000033D 8B 7D 1C                        	MOV	EDI,DWORD [28+EBP]
   397 00000340 8A 5D 18                        	MOV	BL,BYTE [24+EBP]
   398 00000343                                 L60:
   399 00000343 8B 45 14                        	MOV	EAX,DWORD [20+EBP]
   400 00000346 8B 55 10                        	MOV	EDX,DWORD [16+EBP]
   401 00000349 01 F0                           	ADD	EAX,ESI
   402 0000034B 0F AF 45 0C                     	IMUL	EAX,DWORD [12+EBP]
   403 0000034F 03 45 08                        	ADD	EAX,DWORD [8+EBP]
   404 00000352 8D 0C 02                        	LEA	ECX,DWORD [EDX+EAX*1]
   405 00000355 8A 14 3E                        	MOV	DL,BYTE [ESI+EDI*1]
   406 00000358 84 D2                           	TEST	DL,DL
   407 0000035A 79 02                           	JNS	L52
   408 0000035C 88 19                           	MOV	BYTE [ECX],BL
   409 0000035E                                 L52:
   410 0000035E 88 D0                           	MOV	AL,DL
   411 00000360 83 E0 40                        	AND	EAX,64
   412 00000363 84 C0                           	TEST	AL,AL
   413 00000365 74 03                           	JE	L53
   414 00000367 88 59 01                        	MOV	BYTE [1+ECX],BL
   415 0000036A                                 L53:
   416 0000036A 88 D0                           	MOV	AL,DL
   417 0000036C 83 E0 20                        	AND	EAX,32
   418 0000036F 84 C0                           	TEST	AL,AL
   419 00000371 74 03                           	JE	L54
   420 00000373 88 59 02                        	MOV	BYTE [2+ECX],BL
   421 00000376                                 L54:
   422 00000376 88 D0                           	MOV	AL,DL
   423 00000378 83 E0 10                        	AND	EAX,16
   424 0000037B 84 C0                           	TEST	AL,AL
   425 0000037D 74 03                           	JE	L55
   426 0000037F 88 59 03                        	MOV	BYTE [3+ECX],BL
   427 00000382                                 L55:
   428 00000382 88 D0                           	MOV	AL,DL
   429 00000384 83 E0 08                        	AND	EAX,8
   430 00000387 84 C0                           	TEST	AL,AL
   431 00000389 74 03                           	JE	L56
   432 0000038B 88 59 04                        	MOV	BYTE [4+ECX],BL
   433 0000038E                                 L56:
   434 0000038E 88 D0                           	MOV	AL,DL
   435 00000390 83 E0 04                        	AND	EAX,4
   436 00000393 84 C0                           	TEST	AL,AL
   437 00000395 74 03                           	JE	L57
   438 00000397 88 59 05                        	MOV	BYTE [5+ECX],BL
   439 0000039A                                 L57:
   440 0000039A 88 D0                           	MOV	AL,DL
   441 0000039C 83 E0 02                        	AND	EAX,2
   442 0000039F 84 C0                           	TEST	AL,AL
   443 000003A1 74 03                           	JE	L58
   444 000003A3 88 59 06                        	MOV	BYTE [6+ECX],BL
   445 000003A6                                 L58:
   446 000003A6 83 E2 01                        	AND	EDX,1
   447 000003A9 84 D2                           	TEST	DL,DL
   448 000003AB 74 03                           	JE	L50
   449 000003AD 88 59 07                        	MOV	BYTE [7+ECX],BL
   450 000003B0                                 L50:
   451 000003B0 46                              	INC	ESI
   452 000003B1 83 FE 0F                        	CMP	ESI,15
   453 000003B4 7E 8D                           	JLE	L60
   454 000003B6 5B                              	POP	EBX
   455 000003B7 5E                              	POP	ESI
   456 000003B8 5F                              	POP	EDI
   457 000003B9 5D                              	POP	EBP
   458 000003BA C3                              	RET
   459 000003BB                                 	GLOBAL	_putfonts8_asc
   460 000003BB                                 _putfonts8_asc:
   461 000003BB 55                              	PUSH	EBP
   462 000003BC 89 E5                           	MOV	EBP,ESP
   463 000003BE 57                              	PUSH	EDI
   464 000003BF 56                              	PUSH	ESI
   465 000003C0 53                              	PUSH	EBX
   466 000003C1 50                              	PUSH	EAX
   467 000003C2 8B 5D 1C                        	MOV	EBX,DWORD [28+EBP]
   468 000003C5 8A 45 18                        	MOV	AL,BYTE [24+EBP]
   469 000003C8 88 45 F3                        	MOV	BYTE [-13+EBP],AL
   470 000003CB 8B 75 10                        	MOV	ESI,DWORD [16+EBP]
   471 000003CE 8B 7D 14                        	MOV	EDI,DWORD [20+EBP]
   472 000003D1 80 3B 00                        	CMP	BYTE [EBX],0
   473 000003D4 75 08                           	JNE	L68
   474 000003D6                                 L70:
   475 000003D6 8D 65 F4                        	LEA	ESP,DWORD [-12+EBP]
   476 000003D9 5B                              	POP	EBX
   477 000003DA 5E                              	POP	ESI
   478 000003DB 5F                              	POP	EDI
   479 000003DC 5D                              	POP	EBP
   480 000003DD C3                              	RET
   481 000003DE                                 L68:
   482 000003DE 0F B6 03                        	MOVZX	EAX,BYTE [EBX]
   483 000003E1 C1 E0 04                        	SAL	EAX,4
   484 000003E4 43                              	INC	EBX
   485 000003E5 05 [00000000]                   	ADD	EAX,_hankaku
   486 000003EA 50                              	PUSH	EAX
   487 000003EB 0F BE 45 F3                     	MOVSX	EAX,BYTE [-13+EBP]
   488 000003EF 50                              	PUSH	EAX
   489 000003F0 57                              	PUSH	EDI
   490 000003F1 56                              	PUSH	ESI
   491 000003F2 83 C6 08                        	ADD	ESI,8
   492 000003F5 FF 75 0C                        	PUSH	DWORD [12+EBP]
   493 000003F8 FF 75 08                        	PUSH	DWORD [8+EBP]
   494 000003FB E8 FFFFFF35                     	CALL	_putfont8
   495 00000400 83 C4 18                        	ADD	ESP,24
   496 00000403 80 3B 00                        	CMP	BYTE [EBX],0
   497 00000406 75 D6                           	JNE	L68
   498 00000408 EB CC                           	JMP	L70
   499                                          [SECTION .data]
   500 00000030                                 _cursor.1:
   501 00000030 2A 2A 2A 2A 2A 2A 2A 2A 2A 2A   	DB	"**************.."
       0000003A 2A 2A 2A 2A 2E 2E 
   502 00000040 2A 4F 4F 4F 4F 4F 4F 4F 4F 4F   	DB	"*OOOOOOOOOOO*..."
       0000004A 4F 4F 2A 2E 2E 2E 
   503 00000050 2A 4F 4F 4F 4F 4F 4F 4F 4F 4F   	DB	"*OOOOOOOOOO*...."
       0000005A 4F 2A 2E 2E 2E 2E 
   504 00000060 2A 4F 4F 4F 4F 4F 4F 4F 4F 4F   	DB	"*OOOOOOOOO*....."
       0000006A 2A 2E 2E 2E 2E 2E 
   505 00000070 2A 4F 4F 4F 4F 4F 4F 4F 4F 2A   	DB	"*OOOOOOOO*......"
       0000007A 2E 2E 2E 2E 2E 2E 
   506 00000080 2A 4F 4F 4F 4F 4F 4F 4F 2A 2E   	DB	"*OOOOOOO*......."
       0000008A 2E 2E 2E 2E 2E 2E 
   507 00000090 2A 4F 4F 4F 4F 4F 4F 4F 2A 2E   	DB	"*OOOOOOO*......."
       0000009A 2E 2E 2E 2E 2E 2E 
   508 000000A0 2A 4F 4F 4F 4F 4F 4F 4F 4F 2A   	DB	"*OOOOOOOO*......"
       000000AA 2E 2E 2E 2E 2E 2E 
   509 000000B0 2A 4F 4F 4F 4F 2A 2A 4F 4F 4F   	DB	"*OOOO**OOO*....."
       000000BA 2A 2E 2E 2E 2E 2E 
   510 000000C0 2A 4F 4F 4F 2A 2E 2E 2A 4F 4F   	DB	"*OOO*..*OOO*...."
       000000CA 4F 2A 2E 2E 2E 2E 
   511 000000D0 2A 4F 4F 2A 2E 2E 2E 2E 2A 4F   	DB	"*OO*....*OOO*..."
       000000DA 4F 4F 2A 2E 2E 2E 
   512 000000E0 2A 4F 2A 2E 2E 2E 2E 2E 2E 2A   	DB	"*O*......*OOO*.."
       000000EA 4F 4F 4F 2A 2E 2E 
   513 000000F0 2A 2A 2E 2E 2E 2E 2E 2E 2E 2E   	DB	"**........*OOO*."
       000000FA 2A 4F 4F 4F 2A 2E 
   514 00000100 2A 2E 2E 2E 2E 2E 2E 2E 2E 2E   	DB	"*..........*OOO*"
       0000010A 2E 2A 4F 4F 4F 2A 
   515 00000110 2E 2E 2E 2E 2E 2E 2E 2E 2E 2E   	DB	"............*OO*"
       0000011A 2E 2E 2A 4F 4F 2A 
   516 00000120 2E 2E 2E 2E 2E 2E 2E 2E 2E 2E   	DB	".............***"
       0000012A 2E 2E 2E 2A 2A 2A 
   517                                          [SECTION .text]
   518 0000040A                                 	GLOBAL	_init_mouse_cursor8
   519 0000040A                                 _init_mouse_cursor8:
   520 0000040A 55                              	PUSH	EBP
   521 0000040B 89 E5                           	MOV	EBP,ESP
   522 0000040D 57                              	PUSH	EDI
   523 0000040E 56                              	PUSH	ESI
   524 0000040F 31 FF                           	XOR	EDI,EDI
   525 00000411 53                              	PUSH	EBX
   526 00000412 31 DB                           	XOR	EBX,EBX
   527 00000414 50                              	PUSH	EAX
   528 00000415 8A 45 0C                        	MOV	AL,BYTE [12+EBP]
   529 00000418 8B 75 08                        	MOV	ESI,DWORD [8+EBP]
   530 0000041B 88 45 F3                        	MOV	BYTE [-13+EBP],AL
   531 0000041E                                 L84:
   532 0000041E 31 D2                           	XOR	EDX,EDX
   533 00000420                                 L83:
   534 00000420 8D 04 3A                        	LEA	EAX,DWORD [EDX+EDI*1]
   535 00000423 80 B8 [00000030] 2A             	CMP	BYTE [_cursor.1+EAX],42
   536 0000042A 74 35                           	JE	L89
   537 0000042C                                 L80:
   538 0000042C 80 B8 [00000030] 4F             	CMP	BYTE [_cursor.1+EAX],79
   539 00000433 74 26                           	JE	L90
   540 00000435                                 L81:
   541 00000435 80 B8 [00000030] 2E             	CMP	BYTE [_cursor.1+EAX],46
   542 0000043C 74 15                           	JE	L91
   543 0000043E                                 L78:
   544 0000043E 42                              	INC	EDX
   545 0000043F 83 FA 0F                        	CMP	EDX,15
   546 00000442 7E DC                           	JLE	L83
   547 00000444 43                              	INC	EBX
   548 00000445 83 C7 10                        	ADD	EDI,16
   549 00000448 83 FB 0F                        	CMP	EBX,15
   550 0000044B 7E D1                           	JLE	L84
   551 0000044D 58                              	POP	EAX
   552 0000044E 5B                              	POP	EBX
   553 0000044F 5E                              	POP	ESI
   554 00000450 5F                              	POP	EDI
   555 00000451 5D                              	POP	EBP
   556 00000452 C3                              	RET
   557 00000453                                 L91:
   558 00000453 8A 4D F3                        	MOV	CL,BYTE [-13+EBP]
   559 00000456 88 0C 30                        	MOV	BYTE [EAX+ESI*1],CL
   560 00000459 EB E3                           	JMP	L78
   561 0000045B                                 L90:
   562 0000045B C6 04 30 07                     	MOV	BYTE [EAX+ESI*1],7
   563 0000045F EB D4                           	JMP	L81
   564 00000461                                 L89:
   565 00000461 C6 04 30 00                     	MOV	BYTE [EAX+ESI*1],0
   566 00000465 EB C5                           	JMP	L80
   567 00000467                                 	GLOBAL	_putblock8_8
   568 00000467                                 _putblock8_8:
   569 00000467 55                              	PUSH	EBP
   570 00000468 89 E5                           	MOV	EBP,ESP
   571 0000046A 57                              	PUSH	EDI
   572 0000046B 56                              	PUSH	ESI
   573 0000046C 31 F6                           	XOR	ESI,ESI
   574 0000046E 53                              	PUSH	EBX
   575 0000046F 83 EC 0C                        	SUB	ESP,12
   576 00000472 3B 75 14                        	CMP	ESI,DWORD [20+EBP]
   577 00000475 7D 3E                           	JGE	L104
   578 00000477 31 FF                           	XOR	EDI,EDI
   579 00000479                                 L102:
   580 00000479 31 DB                           	XOR	EBX,EBX
   581 0000047B 3B 5D 10                        	CMP	EBX,DWORD [16+EBP]
   582 0000047E 7D 2C                           	JGE	L106
   583 00000480 8B 45 20                        	MOV	EAX,DWORD [32+EBP]
   584 00000483 01 F8                           	ADD	EAX,EDI
   585 00000485 89 45 EC                        	MOV	DWORD [-20+EBP],EAX
   586 00000488                                 L101:
   587 00000488 8B 45 1C                        	MOV	EAX,DWORD [28+EBP]
   588 0000048B 8B 55 18                        	MOV	EDX,DWORD [24+EBP]
   589 0000048E 01 F0                           	ADD	EAX,ESI
   590 00000490 01 DA                           	ADD	EDX,EBX
   591 00000492 0F AF 45 0C                     	IMUL	EAX,DWORD [12+EBP]
   592 00000496 01 D0                           	ADD	EAX,EDX
   593 00000498 8B 4D 08                        	MOV	ECX,DWORD [8+EBP]
   594 0000049B 8B 55 EC                        	MOV	EDX,DWORD [-20+EBP]
   595 0000049E 43                              	INC	EBX
   596 0000049F 8A 12                           	MOV	DL,BYTE [EDX]
   597 000004A1 88 14 08                        	MOV	BYTE [EAX+ECX*1],DL
   598 000004A4 FF 45 EC                        	INC	DWORD [-20+EBP]
   599 000004A7 3B 5D 10                        	CMP	EBX,DWORD [16+EBP]
   600 000004AA 7C DC                           	JL	L101
   601 000004AC                                 L106:
   602 000004AC 46                              	INC	ESI
   603 000004AD 03 7D 24                        	ADD	EDI,DWORD [36+EBP]
   604 000004B0 3B 75 14                        	CMP	ESI,DWORD [20+EBP]
   605 000004B3 7C C4                           	JL	L102
   606 000004B5                                 L104:
   607 000004B5 83 C4 0C                        	ADD	ESP,12
   608 000004B8 5B                              	POP	EBX
   609 000004B9 5E                              	POP	ESI
   610 000004BA 5F                              	POP	EDI
   611 000004BB 5D                              	POP	EBP
   612 000004BC C3                              	RET
