     1 00000000                                 ; lydia-ipl
     2 00000000                                 ; TAB=4
     3 00000000                                 
     4  = 0000000A                              CYLS	EQU		10			
     5 00000000                                 
     6                                          		ORG		0x7c00			
     7 00007C00                                 
     8 00007C00 EB 4B                           		JMP		entry
     9 00007C02 90                              		DB		0x90
    10 00007C03 4C 59 44 49 41 20 20 20         		DB		"LYDIA   "		
    11 00007C0B 0200                            		DW		512				
    12 00007C0D 01                              		DB		1			
    13 00007C0E 0001                            		DW		1			
    14 00007C10 02                              		DB		2				
    15 00007C11 00E0                            		DW		224				
    16 00007C13 0B40                            		DW		2880			
    17 00007C15 F0                              		DB		0xf0			
    18 00007C16 0009                            		DW		9			
    19 00007C18 0012                            		DW		18				
    20 00007C1A 0002                            		DW		2		
    21 00007C1C 00000000                        		DD		0			
    22 00007C20 00000B40                        		DD		2880		
    23 00007C24 00 00 29                        		DB		0,0,0x29		
    24 00007C27 FFFFFFFF                        		DD		0xffffffff		
    25 00007C2B 4C 59 44 49 41 4F 53 20         		DB		"LYDIAOS "	
    26 00007C33 46 41 54 31 32 20 20 20         		DB		"FAT12   "	
    27 00007C3B 00 00 00 00 00 00 00 00 00 00   		RESB	18				
       00007C45 00 00 00 00 00 00 00 00 
    28 00007C4D                                 
    29 00007C4D                                 
    30 00007C4D                                 entry:
    31 00007C4D B8 0000                         		MOV		AX,0			
    32 00007C50 8E D0                           		MOV		SS,AX
    33 00007C52 BC 7C00                         		MOV		SP,0x7c00
    34 00007C55 8E D8                           		MOV		DS,AX
    35 00007C57                                 
    36 00007C57                                 
    37 00007C57 B8 0820                         		MOV		AX,0x0820
    38 00007C5A 8E C0                           		MOV		ES,AX
    39 00007C5C B5 00                           		MOV		CH,0			
    40 00007C5E B6 00                           		MOV		DH,0			
    41 00007C60 B1 02                           		MOV		CL,2		
    42 00007C62                                 readloop:
    43 00007C62 BE 0000                         		MOV		SI,0			
    44 00007C65                                 retry:
    45 00007C65 B4 02                           		MOV		AH,0x02			
    46 00007C67 B0 01                           		MOV		AL,1			
    47 00007C69 BB 0000                         		MOV		BX,0
    48 00007C6C B2 00                           		MOV		DL,0x00		
    49 00007C6E CD 13                           		INT		0x13			
    50 00007C70 73 10                           		JNC		next			
    51 00007C72 83 C6 01                        		ADD		SI,1			
    52 00007C75 83 FE 05                        		CMP		SI,5			
    53 00007C78 73 32                           		JAE		error			
    54 00007C7A B4 00                           		MOV		AH,0x00
    55 00007C7C B2 00                           		MOV		DL,0x00			
    56 00007C7E CD 13                           		INT		0x13			
    57 00007C80 EB E3                           		JMP		retry
    58 00007C82                                 next:
    59 00007C82 8C C0                           		MOV		AX,ES		
    60 00007C84 05 0020                         		ADD		AX,0x0020
    61 00007C87 8E C0                           		MOV		ES,AX			
    62 00007C89 80 C1 01                        		ADD		CL,1		
    63 00007C8C 80 F9 12                        		CMP		CL,18			
    64 00007C8F 76 D1                           		JBE		readloop		
    65 00007C91 B1 01                           		MOV		CL,1
    66 00007C93 80 C6 01                        		ADD		DH,1
    67 00007C96 80 FE 02                        		CMP		DH,2
    68 00007C99 72 C7                           		JB		readloop	
    69 00007C9B B6 00                           		MOV		DH,0
    70 00007C9D 80 C5 01                        		ADD		CH,1
    71 00007CA0 80 FD 0A                        		CMP		CH,CYLS
    72 00007CA3 72 BD                           		JB		readloop		
    73 00007CA5                                 
    74 00007CA5                                 
    75 00007CA5 88 2E 0FF0                      		MOV		[0x0ff0],CH		
    76 00007CA9 E9 4554                         		JMP		0xc200
    77 00007CAC                                 
    78 00007CAC                                 error:
    79 00007CAC BE 7CC4                         		MOV		SI,msg
    80 00007CAF                                 putloop:
    81 00007CAF 8A 04                           		MOV		AL,[SI]
    82 00007CB1 83 C6 01                        		ADD		SI,1			
    83 00007CB4 3C 00                           		CMP		AL,0
    84 00007CB6 74 09                           		JE		fin
    85 00007CB8 B4 0E                           		MOV		AH,0x0e		
    86 00007CBA BB 000F                         		MOV		BX,15			
    87 00007CBD CD 10                           		INT		0x10		
    88 00007CBF EB EE                           		JMP		putloop
    89 00007CC1                                 fin:
    90 00007CC1 F4                              		HLT						
    91 00007CC2 EB FD                           		JMP		fin			
    92 00007CC4                                 msg:
    93 00007CC4 0A 0A                           		DB		0x0a, 0x0a		
    94 00007CC6 6C 6F 61 64 20 65 72 72 6F 72   		DB		"load error"
    95 00007CD0 0A                              		DB		0x0a	
    96 00007CD1 00                              		DB		0
    97 00007CD2                                 
    98 00007CD2 00 00 00 00 00 00 00 00 00 00   		RESB	0x7dfe-$	
       00007CDC 00 00 00 00 00 00 00 00 00 00 
       00007CE6 00 00 00 00 00 00 00 00 00 00 
       00007CF0 00 00 00 00 00 00 00 00 00 00 
       00007CFA 00 00 00 00 00 00 00 00 00 00 
       00007D04 00 00 00 00 00 00 00 00 00 00 
       00007D0E 00 00 00 00 00 00 00 00 00 00 
       00007D18 00 00 00 00 00 00 00 00 00 00 
       00007D22 00 00 00 00 00 00 00 00 00 00 
       00007D2C 00 00 00 00 00 00 00 00 00 00 
       00007D36 00 00 00 00 00 00 00 00 00 00 
       00007D40 00 00 00 00 00 00 00 00 00 00 
       00007D4A 00 00 00 00 00 00 00 00 00 00 
       00007D54 00 00 00 00 00 00 00 00 00 00 
       00007D5E 00 00 00 00 00 00 00 00 00 00 
       00007D68 00 00 00 00 00 00 00 00 00 00 
       00007D72 00 00 00 00 00 00 00 00 00 00 
       00007D7C 00 00 00 00 00 00 00 00 00 00 
       00007D86 00 00 00 00 00 00 00 00 00 00 
       00007D90 00 00 00 00 00 00 00 00 00 00 
       00007D9A 00 00 00 00 00 00 00 00 00 00 
       00007DA4 00 00 00 00 00 00 00 00 00 00 
       00007DAE 00 00 00 00 00 00 00 00 00 00 
       00007DB8 00 00 00 00 00 00 00 00 00 00 
       00007DC2 00 00 00 00 00 00 00 00 00 00 
       00007DCC 00 00 00 00 00 00 00 00 00 00 
       00007DD6 00 00 00 00 00 00 00 00 00 00 
       00007DE0 00 00 00 00 00 00 00 00 00 00 
       00007DEA 00 00 00 00 00 00 00 00 00 00 
       00007DF4 00 00 00 00 00 00 00 00 00 00 
    99 00007DFE 55 AA                           		DB		0x55, 0xaa
