     1 00000000                                 ; lydia-ipl
     2 00000000                                 ; TAB=4
     3 00000000                                 
     4  = 0000000A                              CYLS	EQU		10				
     5 00000000                                 
     6                                          		ORG		0x7c00	
     7 00007C00                                 
     8 00007C00 EB 4B                           		JMP		entry
     9 00007C02 90                              		DB		0x90
    10 00007C03 4C 59 44 49 41 20 20 20         		DB		"LYDIA   "		
    11 00007C0B 0200                            		DW		512				
    12 00007C0D 01                              		DB		1				
    13 00007C0E 0001                            		DW		1				
    14 00007C10 02                              		DB		2				
    15 00007C11 00E0                            		DW		224				
    16 00007C13 0B40                            		DW		2880			
    17 00007C15 F0                              		DB		0xf0			
    18 00007C16 0009                            		DW		9				
    19 00007C18 0012                            		DW		18				
    20 00007C1A 0002                            		DW		2				
    21 00007C1C 00000000                        		DD		0				
    22 00007C20 00000B40                        		DD		2880			
    23 00007C24 00 00 29                        		DB		0,0,0x29		
    24 00007C27 FFFFFFFF                        		DD		0xffffffff		
    25 00007C2B 4C 59 44 49 41 4F 53 20         		DB		"LYDIAOS "	
    26 00007C33 46 41 54 31 32 20 20 20         		DB		"FAT12   "		
    27 00007C3B 00 00 00 00 00 00 00 00 00 00   		RESB	18			
       00007C45 00 00 00 00 00 00 00 00 
    28 00007C4D                                 
    29 00007C4D                                 entry:
    30 00007C4D B8 0000                         		MOV		AX,0		
    31 00007C50 8E D0                           		MOV		SS,AX
    32 00007C52 BC 7C00                         		MOV		SP,0x7c00
    33 00007C55 8E D8                           		MOV		DS,AX
    34 00007C57                                 
    35 00007C57 B8 0820                         		MOV		AX,0x0820
    36 00007C5A 8E C0                           		MOV		ES,AX
    37 00007C5C B5 00                           		MOV		CH,0			
    38 00007C5E B6 00                           		MOV		DH,0			
    39 00007C60 B1 02                           		MOV		CL,2		
    40 00007C62                                 readloop:
    41 00007C62 BE 0000                         		MOV		SI,0			
    42 00007C65                                 retry:
    43 00007C65 B4 02                           		MOV		AH,0x02			
    44 00007C67 B0 01                           		MOV		AL,1			
    45 00007C69 BB 0000                         		MOV		BX,0
    46 00007C6C B2 00                           		MOV		DL,0x00			
    47 00007C6E CD 13                           		INT		0x13			
    48 00007C70 73 10                           		JNC		next			
    49 00007C72 83 C6 01                        		ADD		SI,1			
    50 00007C75 83 FE 05                        		CMP		SI,5			
    51 00007C78 73 32                           		JAE		error			
    52 00007C7A B4 00                           		MOV		AH,0x00
    53 00007C7C B2 00                           		MOV		DL,0x00		
    54 00007C7E CD 13                           		INT		0x13			
    55 00007C80 EB E3                           		JMP		retry
    56 00007C82                                 next:
    57 00007C82 8C C0                           		MOV		AX,ES			
    58 00007C84 05 0020                         		ADD		AX,0x0020
    59 00007C87 8E C0                           		MOV		ES,AX			
    60 00007C89 80 C1 01                        		ADD		CL,1			
    61 00007C8C 80 F9 12                        		CMP		CL,18			
    62 00007C8F 76 D1                           		JBE		readloop		
    63 00007C91 B1 01                           		MOV		CL,1
    64 00007C93 80 C6 01                        		ADD		DH,1
    65 00007C96 80 FE 02                        		CMP		DH,2
    66 00007C99 72 C7                           		JB		readloop		
    67 00007C9B B6 00                           		MOV		DH,0
    68 00007C9D 80 C5 01                        		ADD		CH,1
    69 00007CA0 80 FD 0A                        		CMP		CH,CYLS
    70 00007CA3 72 BD                           		JB		readloop		
    71 00007CA5                                 
    72 00007CA5 88 2E 0FF0                      		MOV		[0x0ff0],CH		
    73 00007CA9 E9 4554                         		JMP		0xc200
    74 00007CAC                                 
    75 00007CAC                                 error:
    76 00007CAC B8 0000                         		MOV		AX,0
    77 00007CAF 8E C0                           		MOV		ES,AX
    78 00007CB1 BE 7CC9                         		MOV		SI,msg
    79 00007CB4                                 putloop:
    80 00007CB4 8A 04                           		MOV		AL,[SI]
    81 00007CB6 83 C6 01                        		ADD		SI,1		
    82 00007CB9 3C 00                           		CMP		AL,0
    83 00007CBB 74 09                           		JE		fin
    84 00007CBD B4 0E                           		MOV		AH,0x0e			
    85 00007CBF BB 000F                         		MOV		BX,15			
    86 00007CC2 CD 10                           		INT		0x10			
    87 00007CC4 EB EE                           		JMP		putloop
    88 00007CC6                                 fin:
    89 00007CC6 F4                              		HLT						
    90 00007CC7 EB FD                           		JMP		fin			
    91 00007CC9                                 msg:
    92 00007CC9 0A 0A                           		DB		0x0a, 0x0a		
    93 00007CCB 6C 6F 61 64 20 65 72 72 6F 72   		DB		"load error"
    94 00007CD5 0A                              		DB		0x0a			
    95 00007CD6 00                              		DB		0
    96 00007CD7                                 
    97 00007CD7 00 00 00 00 00 00 00 00 00 00   		RESB	0x7dfe-$		
       00007CE1 00 00 00 00 00 00 00 00 00 00 
       00007CEB 00 00 00 00 00 00 00 00 00 00 
       00007CF5 00 00 00 00 00 00 00 00 00 00 
       00007CFF 00 00 00 00 00 00 00 00 00 00 
       00007D09 00 00 00 00 00 00 00 00 00 00 
       00007D13 00 00 00 00 00 00 00 00 00 00 
       00007D1D 00 00 00 00 00 00 00 00 00 00 
       00007D27 00 00 00 00 00 00 00 00 00 00 
       00007D31 00 00 00 00 00 00 00 00 00 00 
       00007D3B 00 00 00 00 00 00 00 00 00 00 
       00007D45 00 00 00 00 00 00 00 00 00 00 
       00007D4F 00 00 00 00 00 00 00 00 00 00 
       00007D59 00 00 00 00 00 00 00 00 00 00 
       00007D63 00 00 00 00 00 00 00 00 00 00 
       00007D6D 00 00 00 00 00 00 00 00 00 00 
       00007D77 00 00 00 00 00 00 00 00 00 00 
       00007D81 00 00 00 00 00 00 00 00 00 00 
       00007D8B 00 00 00 00 00 00 00 00 00 00 
       00007D95 00 00 00 00 00 00 00 00 00 00 
       00007D9F 00 00 00 00 00 00 00 00 00 00 
       00007DA9 00 00 00 00 00 00 00 00 00 00 
       00007DB3 00 00 00 00 00 00 00 00 00 00 
       00007DBD 00 00 00 00 00 00 00 00 00 00 
       00007DC7 00 00 00 00 00 00 00 00 00 00 
       00007DD1 00 00 00 00 00 00 00 00 00 00 
       00007DDB 00 00 00 00 00 00 00 00 00 00 
       00007DE5 00 00 00 00 00 00 00 00 00 00 
       00007DEF 00 00 00 00 00 00 00 00 00 00 
       00007DF9 00 00 00 00 00 
    98 00007DFE                                 
    99 00007DFE 55 AA                           		DB		0x55, 0xaa
