     1 00000000                                 ; lydia-os
     2 00000000                                 ; TAB=4
     3 00000000                                 
     4  = 00000FF0                              CYLS	EQU		0x0ff0			
     5  = 00000FF1                              LEDS	EQU		0x0ff1
     6  = 00000FF2                              VMODE	EQU		0x0ff2			
     7  = 00000FF4                              SCRNX	EQU		0x0ff4			
     8  = 00000FF6                              SCRNY	EQU		0x0ff6			
     9  = 00000FF8                              VRAM	EQU		0x0ff8			
    10 00000000                                 
    11                                          		ORG		0xc200			
    12 0000C200                                 
    13 0000C200 B0 13                           		MOV		AL,0x13			
    14 0000C202 B4 00                           		MOV		AH,0x00
    15 0000C204 CD 10                           		INT		0x10
    16 0000C206 C6 06 0FF2 08                   		MOV		BYTE [VMODE],8	
    17 0000C20B C7 06 0FF4 0140                 		MOV		WORD [SCRNX],320
    18 0000C211 C7 06 0FF6 00C8                 		MOV		WORD [SCRNY],200
    19 0000C217 66 C7 06 0FF8 000A0000          		MOV		DWORD [VRAM],0x000a0000
    20 0000C220                                 
    21 0000C220                                 
    22 0000C220 B4 02                           		MOV		AH,0x02
    23 0000C222 CD 16                           		INT		0x16 			; keyboard BIOS
    24 0000C224 A2 0FF1                         		MOV		[LEDS],AL
    25 0000C227                                 
    26 0000C227                                 fin:
    27 0000C227 F4                              		HLT
    28 0000C228 EB FD                           		JMP		fin
