     1 00000000                                 ; Hello World 汇编版本程序
     2 00000000                                 ; Assembly version of Hello World program
     3 00000000                                 ; 演示汇编语言直接调用系统API
     4 00000000                                 
     5 00000000                                 [FORMAT "WCOFF"]		; COFF目标文件格式
     6 00000000                                 [INSTRSET "i486p"]		; 486处理器指令集
     7 00000000                                 [BITS 32]				; 32位代码
     8 00000000                                 [FILE "hello5.nas"]		; 源文件名
     9 00000000                                 
    10 00000000                                 		GLOBAL	_HariMain	; 导出主函数
    11 00000000                                 
    12                                          [SECTION .text]
    13 00000000                                 
    14 00000000                                 _HariMain:
    15 00000000 BA 00000002                     		MOV		EDX,2		; API功能号2: 输出字符串
    16 00000005 BB [00000000]                   		MOV		EBX,msg		; 字符串地址
    17 0000000A CD 40                           		INT		0x40		; 调用系统API
    18 0000000C BA 00000004                     		MOV		EDX,4		; API功能号4: 程序结束
    19 00000011 CD 40                           		INT		0x40		; 调用系统API
    20 00000013                                 
    21                                          [SECTION .data]
    22 00000000                                 
    23 00000000                                 msg:
    24 00000000 68 65 6C 6C 6F 2C 20 77 6F 72   		DB	"hello, world", 0x0a, 0	; 字符串数据 + 换行符 + 结束符       0000000A 6C 64 0A 00 
